<?xml version="1.0" encoding="UTF-8"?>
<testsuite xmlns:xsi="http://www.w3.org/2001/XMLSchema-instance" xsi:noNamespaceSchemaLocation="https://maven.apache.org/surefire/maven-surefire-plugin/xsd/surefire-test-report.xsd" name="it.uniroma2.dicii.isw2.jcs.paramTests.JCSRemovalSimpleConcurrentTest" time="5.588" tests="12" errors="0" skipped="0" failures="0">
  <properties>
[...]
</properties>
  <testcase name="testTwoDeepRemoval[0]" classname="it.uniroma2.dicii.isw2.jcs.paramTests.JCSRemovalSimpleConcurrentTest" time="1.83"/>
  <testcase name="testSingleDepthRemoval[0]" classname="it.uniroma2.dicii.isw2.jcs.paramTests.JCSRemovalSimpleConcurrentTest" time="1.522"/>
  <testcase name="testClear[0]" classname="it.uniroma2.dicii.isw2.jcs.paramTests.JCSRemovalSimpleConcurrentTest" time="1.028"/>
  <testcase name="testClearRepeatedlyWithoutError[0]" classname="it.uniroma2.dicii.isw2.jcs.paramTests.JCSRemovalSimpleConcurrentTest" time="1.052"/>
  <testcase name="testTwoDeepRemoval[1]" classname="it.uniroma2.dicii.isw2.jcs.paramTests.JCSRemovalSimpleConcurrentTest" time="0.001"/>
  <testcase name="testSingleDepthRemoval[1]" classname="it.uniroma2.dicii.isw2.jcs.paramTests.JCSRemovalSimpleConcurrentTest" time="0.001"/>
  <testcase name="testClear[1]" classname="it.uniroma2.dicii.isw2.jcs.paramTests.JCSRemovalSimpleConcurrentTest" time="0.001"/>
  <testcase name="testClearRepeatedlyWithoutError[1]" classname="it.uniroma2.dicii.isw2.jcs.paramTests.JCSRemovalSimpleConcurrentTest" time="0.001"/>
  <testcase name="testTwoDeepRemoval[2]" classname="it.uniroma2.dicii.isw2.jcs.paramTests.JCSRemovalSimpleConcurrentTest" time="0.007"/>
  <testcase name="testSingleDepthRemoval[2]" classname="it.uniroma2.dicii.isw2.jcs.paramTests.JCSRemovalSimpleConcurrentTest" time="0.001"/>
  <testcase name="testClear[2]" classname="it.uniroma2.dicii.isw2.jcs.paramTests.JCSRemovalSimpleConcurrentTest" time="0.001"/>
  <testcase name="testClearRepeatedlyWithoutError[2]" classname="it.uniroma2.dicii.isw2.jcs.paramTests.JCSRemovalSimpleConcurrentTest" time="0.001"/>
</testsuite>